This is pdfTeX, Version 3.14159265-2.6-1.40.17 (MiKTeX 2.9 64-bit) (preloaded format=pdflatex 2016.5.15)  9 JUN 2016 15:24
entering extended mode
**./arXiv.tex
(arXiv.tex
LaTeX2e <2016/03/31>
Babel <3.9r> and hyphenation patterns for 75 language(s) loaded.
("C:\Program Files\MiKTeX 2.9\tex\latex\base\article.cls"
Document Class: article 2014/09/29 v1.4h Standard LaTeX document class
("C:\Program Files\MiKTeX 2.9\tex\latex\base\size10.clo"
File: size10.clo 2014/09/29 v1.4h Standard LaTeX file (size option)
)
\c@part=\count79
\c@section=\count80
\c@subsection=\count81
\c@subsubsection=\count82
\c@paragraph=\count83
\c@subparagraph=\count84
\c@figure=\count85
\c@table=\count86
\abovecaptionskip=\skip41
\belowcaptionskip=\skip42
\bibindent=\dimen102
)
("C:\Program Files\MiKTeX 2.9\tex\latex\pdfpages\pdfpages.sty"
Package: pdfpages 2016/04/19 v0.5f Insert pages of external PDF documents (AM)

("C:\Program Files\MiKTeX 2.9\tex\latex\base\ifthen.sty"
Package: ifthen 2014/09/29 v1.1c Standard LaTeX ifthen package (DPC)
)
("C:\Program Files\MiKTeX 2.9\tex\latex\tools\calc.sty"
Package: calc 2014/10/28 v4.3 Infix arithmetic (KKT,FJ)
\calc@Acount=\count87
\calc@Bcount=\count88
\calc@Adimen=\dimen103
\calc@Bdimen=\dimen104
\calc@Askip=\skip43
\calc@Bskip=\skip44
LaTeX Info: Redefining \setlength on input line 80.
LaTeX Info: Redefining \addtolength on input line 81.
\calc@Ccount=\count89
\calc@Cskip=\skip45
)
("C:\Program Files\MiKTeX 2.9\tex\latex\eso-pic\eso-pic.sty"
Package: eso-pic 2015/07/21 v2.0g eso-pic (RN)

("C:\Program Files\MiKTeX 2.9\tex\generic\oberdiek\atbegshi.sty"
Package: atbegshi 2011/10/05 v1.16 At begin shipout hook (HO)

("C:\Program Files\MiKTeX 2.9\tex\generic\oberdiek\infwarerr.sty"
Package: infwarerr 2010/04/08 v1.3 Providing info/warning/error messages (HO)
)
("C:\Program Files\MiKTeX 2.9\tex\generic\oberdiek\ltxcmds.sty"
Package: ltxcmds 2011/11/09 v1.22 LaTeX kernel commands for general use (HO)
)
("C:\Program Files\MiKTeX 2.9\tex\generic\oberdiek\ifpdf.sty"
Package: ifpdf 2011/01/30 v2.3 Provides the ifpdf switch (HO)
Package ifpdf Info: pdfTeX in PDF mode is detected.
))
("C:\Program Files\MiKTeX 2.9\tex\latex\graphics\keyval.sty"
Package: keyval 2014/10/28 v1.15 key=value parser (DPC)
\KV@toks@=\toks14
)
("C:\Program Files\MiKTeX 2.9\tex\latex\xcolor\xcolor.sty"
Package: xcolor 2007/01/21 v2.11 LaTeX color extensions (UK)

("C:\Program Files\MiKTeX 2.9\tex\latex\00miktex\color.cfg"
File: color.cfg 2016/01/02 v1.6 sample color configuration
)
Package xcolor Info: Driver file: pdftex.def on input line 225.

("C:\Program Files\MiKTeX 2.9\tex\latex\pdftex-def\pdftex.def"
File: pdftex.def 2011/05/27 v0.06d Graphics/color for pdfTeX
\Gread@gobject=\count90
)
Package xcolor Info: Model `cmy' substituted by `cmy0' on input line 1337.
Package xcolor Info: Model `hsb' substituted by `rgb' on input line 1341.
Package xcolor Info: Model `RGB' extended on input line 1353.
Package xcolor Info: Model `HTML' substituted by `rgb' on input line 1355.
Package xcolor Info: Model `Hsb' substituted by `hsb' on input line 1356.
Package xcolor Info: Model `tHsb' substituted by `hsb' on input line 1357.
Package xcolor Info: Model `HSB' substituted by `hsb' on input line 1358.
Package xcolor Info: Model `Gray' substituted by `gray' on input line 1359.
Package xcolor Info: Model `wave' substituted by `hsb' on input line 1360.
))
("C:\Program Files\MiKTeX 2.9\tex\latex\graphics\graphicx.sty"
Package: graphicx 2014/10/28 v1.0g Enhanced LaTeX Graphics (DPC,SPQR)

("C:\Program Files\MiKTeX 2.9\tex\latex\graphics\graphics.sty"
Package: graphics 2016/01/03 v1.0q Standard LaTeX Graphics (DPC,SPQR)

("C:\Program Files\MiKTeX 2.9\tex\latex\graphics\trig.sty"
Package: trig 2016/01/03 v1.10 sin cos tan (DPC)
)
("C:\Program Files\MiKTeX 2.9\tex\latex\00miktex\graphics.cfg"
File: graphics.cfg 2016/01/02 v1.10 sample graphics configuration
)
Package graphics Info: Driver file: pdftex.def on input line 95.
)
\Gin@req@height=\dimen105
\Gin@req@width=\dimen106
)
\AM@pagewidth=\dimen107
\AM@pageheight=\dimen108

("C:\Program Files\MiKTeX 2.9\tex\latex\pdfpages\pppdftex.def"
File: pppdftex.def 2016/04/19 v0.5f Pdfpages driver for pdfTeX (AM)
)
\AM@pagebox=\box26
\AM@global@opts=\toks15
\AM@toc@title=\toks16
\c@AM@survey=\count91
\AM@templatesizebox=\box27
) (arXiv.aux)
\openout1 = `arXiv.aux'.

LaTeX Font Info:    Checking defaults for OML/cmm/m/it on input line 5.
LaTeX Font Info:    ... okay on input line 5.
LaTeX Font Info:    Checking defaults for T1/cmr/m/n on input line 5.
LaTeX Font Info:    ... okay on input line 5.
LaTeX Font Info:    Checking defaults for OT1/cmr/m/n on input line 5.
LaTeX Font Info:    ... okay on input line 5.
LaTeX Font Info:    Checking defaults for OMS/cmsy/m/n on input line 5.
LaTeX Font Info:    ... okay on input line 5.
LaTeX Font Info:    Checking defaults for OMX/cmex/m/n on input line 5.
LaTeX Font Info:    ... okay on input line 5.
LaTeX Font Info:    Checking defaults for U/cmr/m/n on input line 5.
LaTeX Font Info:    ... okay on input line 5.
\AtBeginShipoutBox=\box28

("C:\Program Files\MiKTeX 2.9\tex\context\base\supp-pdf.mkii"
[Loading MPS to PDF converter (version 2006.09.02).]
\scratchcounter=\count92
\scratchdimen=\dimen109
\scratchbox=\box29
\nofMPsegments=\count93
\nofMParguments=\count94
\everyMPshowfont=\toks17
\MPscratchCnt=\count95
\MPscratchDim=\dimen110
\MPnumerator=\count96
\makeMPintoPDFobject=\count97
\everyMPtoPDFconversion=\toks18
) ("C:\Program Files\MiKTeX 2.9\tex\generic\oberdiek\pdftexcmds.sty"
Package: pdftexcmds 2011/11/29 v0.20 Utility functions of pdfTeX for LuaTeX (HO
)

("C:\Program Files\MiKTeX 2.9\tex\generic\oberdiek\ifluatex.sty"
Package: ifluatex 2010/03/01 v1.3 Provides the ifluatex switch (HO)
Package ifluatex Info: LuaTeX not detected.
)
Package pdftexcmds Info: LuaTeX not detected.
Package pdftexcmds Info: \pdf@primitive is available.
Package pdftexcmds Info: \pdf@ifprimitive is available.
Package pdftexcmds Info: \pdfdraftmode found.
)
("C:\Program Files\MiKTeX 2.9\tex\latex\oberdiek\epstopdf-base.sty"
Package: epstopdf-base 2010/02/09 v2.5 Base part for package epstopdf

("C:\Program Files\MiKTeX 2.9\tex\latex\oberdiek\grfext.sty"
Package: grfext 2010/08/19 v1.1 Manage graphics extensions (HO)

("C:\Program Files\MiKTeX 2.9\tex\generic\oberdiek\kvdefinekeys.sty"
Package: kvdefinekeys 2011/04/07 v1.3 Define keys (HO)
))
("C:\Program Files\MiKTeX 2.9\tex\latex\oberdiek\kvoptions.sty"
Package: kvoptions 2011/06/30 v3.11 Key value format for package options (HO)

("C:\Program Files\MiKTeX 2.9\tex\generic\oberdiek\kvsetkeys.sty"
Package: kvsetkeys 2012/04/25 v1.16 Key value parser (HO)

("C:\Program Files\MiKTeX 2.9\tex\generic\oberdiek\etexcmds.sty"
Package: etexcmds 2011/02/16 v1.5 Avoid name clashes with e-TeX commands (HO)
Package etexcmds Info: Could not find \expanded.
(etexcmds)             That can mean that you are not using pdfTeX 1.50 or
(etexcmds)             that some package has redefined \expanded.
(etexcmds)             In the latter case, load this package earlier.
)))
Package grfext Info: Graphics extension search list:
(grfext)             [.png,.pdf,.jpg,.mps,.jpeg,.jbig2,.jb2,.PNG,.PDF,.JPG,.JPE
G,.JBIG2,.JB2,.eps]
(grfext)             \AppendGraphicsExtensions on input line 452.
)
("C:\Program Files\MiKTeX 2.9\tex\latex\oberdiek\pdflscape.sty"
Package: pdflscape 2008/08/11 v0.10 Display of landscape pages in PDF (HO)

("C:\Program Files\MiKTeX 2.9\tex\latex\graphics\lscape.sty"
Package: lscape 2000/10/22 v3.01 Landscape Pages (DPC)
)
Package pdflscape Info: Auto-detected driver: pdftex on input line 80.

("C:\Program Files\MiKTeX 2.9\tex\generic\ifxetex\ifxetex.sty"
Package: ifxetex 2010/09/12 v0.6 Provides ifxetex conditional
))
<R0V0.pdf, id=1, 614.295pt x 794.97pt>
File: R0V0.pdf Graphic file (type pdf)
 <use R0V0.pdf>
Package pdftex.def Info: R0V0.pdf used on input line 6.
(pdftex.def)             Requested size: 614.29349pt x 794.96806pt.
File: R0V0.pdf Graphic file (type pdf)
 <use R0V0.pdf>
Package pdftex.def Info: R0V0.pdf used on input line 6.
(pdftex.def)             Requested size: 614.29349pt x 794.96806pt.

<R0V0.pdf, id=4, page=1, 614.295pt x 794.97pt>
File: R0V0.pdf Graphic file (type pdf)
 <use R0V0.pdf, page 1>
Package pdftex.def Info: R0V0.pdf, page1 used on input line 6.
(pdftex.def)             Requested size: 614.29349pt x 794.96806pt.
File: R0V0.pdf Graphic file (type pdf)

<use R0V0.pdf, page 1>
Package pdftex.def Info: R0V0.pdf, page1 used on input line 6.
(pdftex.def)             Requested size: 597.78697pt x 773.60669pt.
File: R0V0.pdf Graphic file (type pdf)
 <use R0V0.pdf, page 1>
Package pdftex.def Info: R0V0.pdf, page1 used on input line 6.
(pdftex.def)             Requested size: 597.78697pt x 773.60669pt.
File: R0V0.pdf Graphic file (type pdf)
 <use R0V0.pdf, page 1>
Package pdftex.def Info: R0V0.pdf, page1 used on input line 6.
(pdftex.def)             Requested size: 597.78697pt x 773.60669pt.
File: R0V0.pdf Graphic file (type pdf)

<use R0V0.pdf, page 1>
Package pdftex.def Info: R0V0.pdf, page1 used on input line 6.
(pdftex.def)             Requested size: 597.78697pt x 773.60669pt.
 [1

 <./R0V0.pdf{C:/Users/humberto/AppData/Local/MiKTeX/2.9/pdftex/config/pdftex.ma
p}>] <R0V0.pdf, id=85, page=2, 614.295pt x 794.97pt>
File: R0V0.pdf Graphic file (type pdf)

<use R0V0.pdf, page 2>
Package pdftex.def Info: R0V0.pdf, page2 used on input line 6.
(pdftex.def)             Requested size: 597.78697pt x 773.60669pt.
File: R0V0.pdf Graphic file (type pdf)
 <use R0V0.pdf, page 2>
Package pdftex.def Info: R0V0.pdf, page2 used on input line 6.
(pdftex.def)             Requested size: 597.78697pt x 773.60669pt.
File: R0V0.pdf Graphic file (type pdf)
 <use R0V0.pdf, page 2>
Package pdftex.def Info: R0V0.pdf, page2 used on input line 6.
(pdftex.def)             Requested size: 597.78697pt x 773.60669pt.
 [2 <./R0V0.pdf>] <R0V0.pdf, id=94, page=3, 614.295pt x 794.97pt>
File: R0V0.pdf Graphic file (type pdf)
 <use R0V0.pdf, page 3>
Package pdftex.def Info: R0V0.pdf, page3 used on input line 6.
(pdftex.def)             Requested size: 597.78697pt x 773.60669pt.
File: R0V0.pdf Graphic file (type pdf)

<use R0V0.pdf, page 3>
Package pdftex.def Info: R0V0.pdf, page3 used on input line 6.
(pdftex.def)             Requested size: 597.78697pt x 773.60669pt.
File: R0V0.pdf Graphic file (type pdf)
 <use R0V0.pdf, page 3>
Package pdftex.def Info: R0V0.pdf, page3 used on input line 6.
(pdftex.def)             Requested size: 597.78697pt x 773.60669pt.
 [3 <./R0V0.pdf>]
<R0V0.pdf, id=98, page=4, 614.295pt x 794.97pt>
File: R0V0.pdf Graphic file (type pdf)
 <use R0V0.pdf, page 4>
Package pdftex.def Info: R0V0.pdf, page4 used on input line 6.
(pdftex.def)             Requested size: 597.78697pt x 773.60669pt.
File: R0V0.pdf Graphic file (type pdf)

<use R0V0.pdf, page 4>
Package pdftex.def Info: R0V0.pdf, page4 used on input line 6.
(pdftex.def)             Requested size: 597.78697pt x 773.60669pt.
File: R0V0.pdf Graphic file (type pdf)
 <use R0V0.pdf, page 4>
Package pdftex.def Info: R0V0.pdf, page4 used on input line 6.
(pdftex.def)             Requested size: 597.78697pt x 773.60669pt.
 [4 <./R0V0.pdf>]
<R0V0.pdf, id=107, page=5, 614.295pt x 794.97pt>
File: R0V0.pdf Graphic file (type pdf)
 <use R0V0.pdf, page 5>
Package pdftex.def Info: R0V0.pdf, page5 used on input line 6.
(pdftex.def)             Requested size: 597.78697pt x 773.60669pt.
File: R0V0.pdf Graphic file (type pdf)

<use R0V0.pdf, page 5>
Package pdftex.def Info: R0V0.pdf, page5 used on input line 6.
(pdftex.def)             Requested size: 597.78697pt x 773.60669pt.
File: R0V0.pdf Graphic file (type pdf)
 <use R0V0.pdf, page 5>
Package pdftex.def Info: R0V0.pdf, page5 used on input line 6.
(pdftex.def)             Requested size: 597.78697pt x 773.60669pt.
 [5 <./R0V0.pdf>] (arXiv.aux) ) 
Here is how much of TeX's memory you used:
 2778 strings out of 493335
 39624 string characters out of 3139251
 104817 words of memory out of 3000000
 6291 multiletter control sequences out of 15000+200000
 3640 words of font info for 14 fonts, out of 3000000 for 9000
 1141 hyphenation exceptions out of 8191
 40i,18n,46p,238b,428s stack positions out of 5000i,500n,10000p,200000b,50000s
<C:/Program Files/MiKTeX 2.9/fonts/type1/public/
amsfonts/cm/cmex10.pfb><C:/Program Files/MiKTeX 2.9/fonts/type1/public/amsfonts
/cm/cmmi10.pfb><C:/Program Files/MiKTeX 2.9/fonts/type1/public/amsfonts/cm/cmmi
5.pfb><C:/Program Files/MiKTeX 2.9/fonts/type1/public/amsfonts/cm/cmmi7.pfb><C:
/Program Files/MiKTeX 2.9/fonts/type1/public/amsfonts/cm/cmr10.pfb><C:/Program 
Files/MiKTeX 2.9/fonts/type1/public/amsfonts/cm/cmr5.pfb><C:/Program Files/MiKT
eX 2.9/fonts/type1/public/amsfonts/cm/cmr7.pfb><C:/Program Files/MiKTeX 2.9/fon
ts/type1/public/amsfonts/cm/cmsy10.pfb><C:/Program Files/MiKTeX 2.9/fonts/type1
/public/amsfonts/cm/cmsy5.pfb><C:/Program Files/MiKTeX 2.9/fonts/type1/public/a
msfonts/cm/cmsy7.pfb><C:/Program Files/MiKTeX 2.9/fonts/type1/public/amsfonts/c
m/cmtt10.pfb><C:/Program Files/MiKTeX 2.9/fonts/type1/public/amsfonts/symbols/m
sbm10.pfb><C:/Program Files/MiKTeX 2.9/fonts/type1/public/rsfs/rsfs10.pfb><C:/P
rogram Files/MiKTeX 2.9/fonts/type1/urw/times/utmb8a.pfb><C:/Program Files/MiKT
eX 2.9/fonts/type1/urw/times/utmbi8a.pfb><C:/Program Files/MiKTeX 2.9/fonts/typ
e1/urw/times/utmr8a.pfb><C:/Program Files/MiKTeX 2.9/fonts/type1/urw/times/utmr
i8a.pfb>
Output written on arXiv.pdf (5 pages, 228291 bytes).
PDF statistics:
 129 PDF objects out of 1000 (max. 8388607)
 0 named destinations out of 1000 (max. 500000)
 41 words of extra memory for PDF output out of 10000 (max. 10000000)

